<?xml version="1.0" encoding="UTF-8"?>
<!-- Generated by org.testng.reporters.JUnitReportReporter -->
<testsuite hostname="duster" failures="0" tests="1" name="testcases.SmokeTestCases" time="21.683" errors="0" timestamp="2024-07-08T19:00:20 IST" skipped="0">
  <testcase classname="testcases.SmokeTestCases" name="smoke" time="21.683"/>
</testsuite> <!-- testcases.SmokeTestCases -->
