<?xml version="1.0" encoding="UTF-8"?>
<!-- Generated by org.testng.reporters.JUnitReportReporter -->
<testsuite hostname="duster" failures="0" tests="3" name="testcases.SmokeTestCases" time="27.273" errors="0" timestamp="2024-07-09T18:07:50 IST" skipped="0">
  <testcase classname="testcases.SmokeTestCases" name="smoke" time="7.313"/>
  <testcase classname="testcases.SmokeTestCases" name="smoke" time="10.598"/>
  <testcase classname="testcases.SmokeTestCases" name="smoke" time="9.362"/>
</testsuite> <!-- testcases.SmokeTestCases -->
